<?xml version="1.0" encoding="UTF-8"?>
<!-- Generated by org.testng.reporters.JUnitXMLReporter -->
<testsuite ignored="0" hostname="DESKTOP-0RR1Q60" failures="0" tests="3" name="Default test" time="24.776" errors="0" timestamp="2022-05-18T14:57:24 IST">
  <testcase classname="testCases.AmzoneTestClass" name="launchUrl" time="5.725"/>
  <testcase classname="testCases.AmzoneTestClass" name="AmazonTest" time="13.902"/>
  <testcase classname="testCases.AmzoneTestClass" name="verifyAboutItemSec" time="5.09"/>
</testsuite> <!-- Default test -->
