<?xml version="1.0" encoding="UTF-8"?>
<testng-results ignored="0" total="3" passed="3" failed="0" skipped="0">
  <reporter-output>
  </reporter-output>
  <suite started-at="2022-05-18T14:56:59 IST" name="Default suite" finished-at="2022-05-18T14:57:24 IST" duration-ms="24776">
    <groups>
    </groups>
    <test started-at="2022-05-18T14:56:59 IST" name="Default test" finished-at="2022-05-18T14:57:24 IST" duration-ms="24776">
      <class name="testCases.AmzoneTestClass">
        <test-method is-config="true" signature="setUp()[pri:0, instance:testCases.AmzoneTestClass@27462a88]" started-at="2022-05-18T14:56:55 IST" name="setUp" finished-at="2022-05-18T14:56:59 IST" duration-ms="4293" status="PASS">
          <reporter-output>
          </reporter-output>
        </test-method> <!-- setUp -->
        <test-method signature="launchUrl()[pri:1, instance:testCases.AmzoneTestClass@27462a88]" started-at="2022-05-18T14:56:59 IST" name="launchUrl" finished-at="2022-05-18T14:57:05 IST" duration-ms="5725" status="PASS">
          <reporter-output>
          </reporter-output>
        </test-method> <!-- launchUrl -->
        <test-method signature="AmazonTest()[pri:2, instance:testCases.AmzoneTestClass@27462a88]" started-at="2022-05-18T14:57:05 IST" name="AmazonTest" finished-at="2022-05-18T14:57:19 IST" duration-ms="13902" status="PASS">
          <reporter-output>
          </reporter-output>
        </test-method> <!-- AmazonTest -->
        <test-method signature="verifyAboutItemSec()[pri:3, instance:testCases.AmzoneTestClass@27462a88]" started-at="2022-05-18T14:57:19 IST" name="verifyAboutItemSec" finished-at="2022-05-18T14:57:24 IST" duration-ms="5090" status="PASS">
          <reporter-output>
          </reporter-output>
        </test-method> <!-- verifyAboutItemSec -->
        <test-method is-config="true" signature="tearDown()[pri:0, instance:testCases.AmzoneTestClass@27462a88]" started-at="2022-05-18T14:57:24 IST" name="tearDown" finished-at="2022-05-18T14:57:25 IST" duration-ms="994" status="PASS">
          <reporter-output>
          </reporter-output>
        </test-method> <!-- tearDown -->
      </class> <!-- testCases.AmzoneTestClass -->
    </test> <!-- Default test -->
  </suite> <!-- Default suite -->
</testng-results>
